number,value,datetime_start,datetime_complete,duration,params_depth,params_dropout,params_ffn_num_layers,params_hidden_size,params_init_lr,state
0,0.966044198525579,2020-07-08 04:44:50.646166,2020-07-08 05:36:06.413370,0 days 00:51:15.767204000,6,0.1,2,1400,5.78252883383641E-05,COMPLETE
1,1.02401532485471,2020-07-08 05:36:06.413888,2020-07-08 05:51:31.400991,0 days 00:15:24.987103000,2,0.15,1,1800,0.00104608502316548,COMPLETE
2,1.06878826876133,2020-07-08 05:51:31.401493,2020-07-08 06:06:47.457850,0 days 00:15:16.056357000,4,0.25,2,700,0.000620678816825868,COMPLETE
3,1.03218819871981,2020-07-08 06:06:47.458339,2020-07-08 06:22:04.994989,0 days 00:15:17.536650000,2,0.5,3,1000,5.8134776927782E-05,COMPLETE
4,1.04166169856724,2020-07-08 06:22:04.995524,2020-07-08 06:40:40.894607,0 days 00:18:35.899083000,2,0.2,3,900,0.00162802351399571,COMPLETE
5,1.04170656587645,2020-07-08 06:40:40.895112,2020-07-08 06:59:57.624316,0 days 00:19:16.729204000,2,0.4,3,2100,0.00191142189255555,COMPLETE
6,1.01349690469385,2020-07-08 06:59:57.624852,2020-07-08 07:20:25.152456,0 days 00:20:27.527604000,6,0.5,3,1400,0.000404524547967607,COMPLETE
7,1.00359889185219,2020-07-08 07:20:25.152969,2020-07-08 07:56:18.137020,0 days 00:35:52.984051000,5,0.35,2,1000,0.0010021261814899,COMPLETE
8,1.02874112024642,2020-07-08 07:56:18.137563,2020-07-08 08:12:02.475323,0 days 00:15:44.337760000,2,0.4,1,2100,0.0011673266664342,COMPLETE
9,1.0150138697429,2020-07-08 08:12:02.475819,2020-07-08 08:28:25.855958,0 days 00:16:23.380139000,3,0.15,2,2000,2.40917920009656E-05,COMPLETE
10,0.992538694575516,2020-07-08 08:28:25.856466,2020-07-08 08:53:37.145386,0 days 00:25:11.288920000,6,0,1,400,1.01031648232183E-05,COMPLETE
11,0.9969893683467,2020-07-08 08:53:37.145905,2020-07-08 09:18:42.022547,0 days 00:25:04.876642000,6,0,1,300,1.1020139103185E-05,COMPLETE
12,0.993305944908432,2020-07-08 09:18:42.023100,2020-07-08 09:35:04.567122,0 days 00:16:22.544022000,5,0,2,1400,0.000124079493766267,COMPLETE
13,0.9975617775443,2020-07-08 09:35:04.567643,2020-07-08 10:08:11.334843,0 days 00:33:06.767200000,5,0.05,1,300,1.00856224744735E-05,COMPLETE
14,0.983331130610572,2020-07-08 10:08:11.335395,2020-07-08 10:25:42.579723,0 days 00:17:31.244328000,6,0.1,2,1600,3.28687376356194E-05,COMPLETE
15,0.999514513197001,2020-07-08 10:25:42.580321,2020-07-08 11:05:28.251502,0 days 00:39:45.671181000,4,0.1,2,1700,3.79841790194667E-05,COMPLETE
16,0.992720888023488,2020-07-08 11:05:28.252033,2020-07-08 11:28:20.950149,0 days 00:22:52.698116000,6,0.25,2,2400,0.000132849166744825,COMPLETE
17,0.969196270432389,2020-07-08 11:28:20.950815,2020-07-08 12:00:05.444554,0 days 00:31:44.493739000,5,0.1,2,1700,6.4629414946066E-05,COMPLETE
18,0.966289729925624,2020-07-08 12:00:05.445076,2020-07-08 12:33:26.272575,0 days 00:33:20.827499000,5,0.1,2,1200,7.75012715838184E-05,COMPLETE
19,1.01349367279755,2020-07-08 12:33:26.273145,2020-07-08 12:49:55.803515,0 days 00:16:29.530370000,5,0.2,3,1300,0.000254738676581987,COMPLETE
20,0.99775703399502,2020-07-08 12:49:55.804066,2020-07-08 13:05:45.355890,0 days 00:15:49.551824000,4,0.05,2,1200,7.87925119038638E-05,COMPLETE
21,0.982127116437544,2020-07-08 13:05:45.356451,2020-07-08 13:22:33.764276,0 days 00:16:48.407825000,5,0.1,2,1500,7.58187736338458E-05,COMPLETE
22,0.97307523963047,2020-07-08 13:22:33.764796,2020-07-08 13:40:28.161110,0 days 00:17:54.396314000,5,0.05,2,1200,2.23432374479167E-05,COMPLETE
23,1.00044904291978,2020-07-08 13:40:28.161676,2020-07-08 13:58:15.385901,0 days 00:17:47.224225000,5,0.15,2,1900,0.000219463442879353,COMPLETE
24,1.00886262718,2020-07-08 13:58:15.386400,2020-07-08 14:15:46.593261,0 days 00:17:31.206861000,6,0.2,2,1600,5.07400525656785E-05,COMPLETE
25,0.985077238048029,2020-07-08 14:15:46.593820,2020-07-08 14:33:58.179711,0 days 00:18:11.585891000,4,0.3,2,2300,8.87013243677127E-05,COMPLETE
26,1.02155305628191,2020-07-08 14:33:58.180264,2020-07-08 14:44:19.468616,0 days 00:10:21.288352000,3,0.1,1,700,1.73618567761772E-05,COMPLETE
27,0.987527623162632,2020-07-08 14:44:19.469139,2020-07-08 15:00:30.593033,0 days 00:16:11.123894000,5,0.05,3,1200,0.000186354902862159,COMPLETE
28,0.980260640208484,2020-07-08 15:00:30.593613,2020-07-08 15:18:24.102576,0 days 00:17:53.508963000,6,0.15,2,1700,4.55977553192194E-05,COMPLETE
29,0.968108459348567,2020-07-08 15:18:24.103176,2020-07-08 16:03:48.103766,0 days 00:45:24.000590000,5,0.15,1,1800,8.46395741835416E-05,COMPLETE
30,1.00610610372142,2020-07-08 16:03:48.104291,2020-07-08 16:20:06.191513,0 days 00:16:18.087222000,3,0.15,1,1900,0.000116191563456447,COMPLETE
31,0.978294375347115,2020-07-08 16:20:06.192084,2020-07-08 16:37:43.814224,0 days 00:17:37.622140000,5,0.1,2,1800,6.66968425642508E-05,COMPLETE
32,0.982577487390641,2020-07-08 16:37:43.814815,2020-07-08 16:53:53.081150,0 days 00:16:09.266335000,4,0.2,1,1500,9.61815577329771E-05,COMPLETE
33,0.968606817094903,2020-07-08 16:53:53.081793,2020-07-08 17:11:23.549290,0 days 00:17:30.467497000,5,0.05,2,1000,3.25772528320042E-05,COMPLETE
34,0.974594905188209,2020-07-08 17:11:23.549827,2020-07-08 17:37:32.989397,0 days 00:26:09.439570000,6,0.05,2,900,3.35545808179595E-05,COMPLETE
35,0.979422015579123,2020-07-08 17:37:32.989985,2020-07-08 17:53:24.294883,0 days 00:15:51.304898000,5,0,2,1000,1.69948037991107E-05,COMPLETE
36,0.992920687672688,2020-07-08 17:53:24.295470,2020-07-08 18:08:54.733237,0 days 00:15:30.437767000,4,0.25,3,700,0.000176675697024521,COMPLETE
37,0.969394493695588,2020-07-08 18:08:54.733766,2020-07-08 18:35:04.984090,0 days 00:26:10.250324000,6,0.15,1,1000,4.81788659656099E-05,COMPLETE
38,0.968351358907265,2020-07-08 18:35:04.984648,2020-07-08 19:02:55.981865,0 days 00:27:50.997217000,5,0.2,2,1100,2.63447208637372E-05,COMPLETE
39,1.01644582532303,2020-07-08 19:02:55.982398,2020-07-08 19:19:21.928549,0 days 00:16:25.946151000,5,0.2,3,1300,0.000322482415145214,COMPLETE
40,0.993445143713589,2020-07-08 19:19:21.929129,2020-07-08 19:44:46.993982,0 days 00:25:25.064853000,4,0.3,2,800,2.38841476393943E-05,COMPLETE
41,0.968633093680555,2020-07-08 19:44:46.994531,2020-07-08 20:26:41.171004,0 days 00:41:54.176473000,5,0.2,2,1100,2.93821395077308E-05,COMPLETE
42,0.969194693174976,2020-07-08 20:26:41.171587,2020-07-08 20:53:02.769304,0 days 00:26:21.597717000,5,0.15,2,1100,1.43520605330738E-05,COMPLETE
43,0.979019290348243,2020-07-08 20:53:02.769876,2020-07-08 21:18:45.359001,0 days 00:25:42.589125000,6,0.05,2,500,5.852350039623E-05,COMPLETE
44,0.978253511308927,2020-07-08 21:18:45.359529,2020-07-08 21:36:03.464659,0 days 00:17:18.105130000,5,0.1,2,800,4.03403060789925E-05,COMPLETE
45,1.01644429407622,2020-07-08 21:36:03.465264,2020-07-08 21:52:14.966302,0 days 00:16:11.501038000,4,0.15,2,1400,0.00010028982561081,COMPLETE
46,0.979561966065078,2020-07-08 21:52:14.966834,2020-07-08 22:19:04.565896,0 days 00:26:49.599062000,6,0.3,2,1100,1.98207905560697E-05,COMPLETE
47,0.977523320425324,2020-07-08 22:19:04.566409,2020-07-08 22:46:24.844876,0 days 00:27:20.278467000,5,0,1,1500,1.27410249076701E-05,COMPLETE
48,0.967105505584973,2020-07-08 22:46:24.845446,2020-07-08 23:12:17.033086,0 days 00:25:52.187640000,5,0.1,2,900,2.72961110947104E-05,COMPLETE
49,0.967411757909764,2020-07-08 23:12:17.033662,2020-07-08 23:48:16.058353,0 days 00:35:59.024691000,6,0.1,2,600,2.59561953002189E-05,COMPLETE
50,0.97231298963926,2020-07-08 23:48:16.058978,2020-07-09 00:15:55.145271,0 days 00:27:39.086293000,6,0.1,2,600,5.33776233802177E-05,COMPLETE
51,0.968252702414641,2020-07-09 00:15:55.145858,2020-07-09 00:42:12.687943,0 days 00:26:17.542085000,6,0.15,2,900,2.80616329489222E-05,COMPLETE
52,0.976071729471809,2020-07-09 00:42:12.688533,2020-07-09 01:07:41.924851,0 days 00:25:29.236318000,6,0.1,2,500,4.19764744969511E-05,COMPLETE
53,0.976780071418885,2020-07-09 01:07:41.925475,2020-07-09 01:33:45.966733,0 days 00:26:04.041258000,6,0.15,2,800,7.64403241915511E-05,COMPLETE
54,0.968793787802869,2020-07-09 01:33:45.967328,2020-07-09 01:59:59.095320,0 days 00:26:13.127992000,6,0.1,2,900,3.67574809093885E-05,COMPLETE
55,0.994739089967215,2020-07-09 01:59:59.095905,2020-07-09 02:21:07.283879,0 days 00:21:08.187974000,6,0.05,2,2200,0.000148981440661378,COMPLETE
56,0.986716849413532,2020-07-09 02:21:07.284434,2020-07-09 02:36:43.216740,0 days 00:15:35.932306000,6,0.15,2,600,2.77270874401219E-05,COMPLETE
57,0.980263404330315,2020-07-09 02:36:43.217279,2020-07-09 03:01:53.565061,0 days 00:25:10.347782000,6,0.1,2,400,6.39535923277039E-05,COMPLETE
58,0.990148592064952,2020-07-09 03:01:53.565657,2020-07-09 03:18:43.869643,0 days 00:16:50.303986000,6,0.1,3,1300,2.0139337431121E-05,COMPLETE
59,0.96913670935826,2020-07-09 03:18:43.870163,2020-07-09 03:44:37.176802,0 days 00:25:53.306639000,5,0.05,2,900,0.000111098786607931,COMPLETE
60,1.04256605579142,2020-07-09 03:44:37.177365,2020-07-09 04:00:12.546797,0 days 00:15:35.369432000,6,0.45,2,600,7.50478452920644E-05,COMPLETE
61,0.966530347253844,2020-07-09 04:00:12.547357,2020-07-09 04:28:46.246373,0 days 00:28:33.699016000,5,0.2,2,1200,2.63839467585924E-05,COMPLETE
62,0.968940881086372,2020-07-09 04:28:46.246956,2020-07-09 04:56:16.194096,0 days 00:27:29.947140000,5,0.2,2,1200,2.93055004889357E-05,COMPLETE
63,0.9742459274872,2020-07-09 04:56:16.194661,2020-07-09 05:24:20.512999,0 days 00:28:04.318338000,5,0.25,2,1600,1.57854497549818E-05,COMPLETE
64,0.966504215845588,2020-07-09 05:24:20.513602,2020-07-09 05:51:21.768896,0 days 00:27:01.255294000,5,0.15,2,1400,2.35394597802157E-05,COMPLETE
65,0.968551993892904,2020-07-09 05:51:21.769442,2020-07-09 06:18:36.624655,0 days 00:27:14.855213000,5,0.15,2,1400,1.13986564051721E-05,COMPLETE
66,0.964586400323444,2020-07-09 06:18:36.625206,2020-07-09 06:47:35.233604,0 days 00:28:58.608398000,5,0.1,2,1400,2.1242909760688E-05,COMPLETE
67,1.0033274251118,2020-07-09 06:47:35.234130,2020-07-09 07:03:38.061144,0 days 00:16:02.827014000,4,0.1,2,1300,1.96982105921989E-05,COMPLETE
68,0.966752481913706,2020-07-09 07:03:38.061692,2020-07-09 07:32:25.419624,0 days 00:28:47.357932000,5,0.05,2,1400,1.34767477807262E-05,COMPLETE
69,0.969671443191885,2020-07-09 07:32:25.420207,2020-07-09 08:01:42.573475,0 days 00:29:17.153268000,5,0.05,2,1500,1.41825087085931E-05,COMPLETE
70,1.00868285399431,2020-07-09 08:01:42.574018,2020-07-09 08:18:09.363377,0 days 00:16:26.789359000,4,0,2,1600,1.16589486457752E-05,COMPLETE
71,0.967443868605017,2020-07-09 08:18:09.363966,2020-07-09 08:44:51.385899,0 days 00:26:42.021933000,5,0.1,2,1200,2.12882473816713E-05,COMPLETE
72,0.977707965506448,2020-07-09 08:44:51.386448,2020-07-09 09:13:39.304782,0 days 00:28:47.918334000,5,0.05,2,1400,2.47888247137117E-05,COMPLETE
73,0.968279610251823,2020-07-09 09:13:39.305358,2020-07-09 09:40:48.188482,0 days 00:27:08.883124000,5,0.1,2,1300,1.00396546613556E-05,COMPLETE
74,0.972600416481843,2020-07-09 09:40:48.189026,2020-07-09 09:59:27.016142,0 days 00:18:38.827116000,5,0.05,2,1500,1.8291041833585E-05,COMPLETE
75,0.965293676183935,2020-07-09 09:59:27.016717,2020-07-09 10:26:48.349009,0 days 00:27:21.332292000,5,0.15,2,1400,3.24309892234663E-05,COMPLETE
76,0.965802460037477,2020-07-09 10:26:48.349576,2020-07-09 10:54:05.600962,0 days 00:27:17.251386000,5,0.15,2,1400,3.52877682310767E-05,COMPLETE
77,0.966747008743342,2020-07-09 10:54:05.601787,2020-07-09 11:22:59.640894,0 days 00:28:54.039107000,5,0.2,2,1300,3.2801618491147E-05,COMPLETE
78,0.969788676291181,2020-07-09 11:22:59.641462,2020-07-09 11:49:40.334481,0 days 00:26:40.693019000,5,0.2,2,1200,3.64196770623948E-05,COMPLETE
79,1.00678407135066,2020-07-09 11:49:40.335074,2020-07-09 12:05:49.297377,0 days 00:16:08.962303000,4,0.2,2,1400,3.34939540849686E-05,COMPLETE
80,0.978030469682482,2020-07-09 12:05:49.297972,2020-07-09 12:22:54.232186,0 days 00:17:04.934214000,5,0.25,2,1600,5.1375640540521E-05,COMPLETE
81,0.966117123937049,2020-07-09 12:22:54.232856,2020-07-09 12:50:41.266619,0 days 00:27:47.033763000,5,0.15,2,1500,2.24594171903972E-05,COMPLETE
82,0.999518960191492,2020-07-09 12:50:41.267201,2020-07-09 13:06:50.515085,0 days 00:16:09.247884000,3,0.2,2,1700,4.42460353336947E-05,COMPLETE
83,0.965914614542186,2020-07-09 13:06:50.515692,2020-07-09 13:34:31.533378,0 days 00:27:41.017686000,5,0.15,2,1500,2.23770898754959E-05,COMPLETE
84,0.969961321841904,2020-07-09 13:34:31.533952,2020-07-09 13:53:12.991235,0 days 00:18:41.457283000,5,0.15,2,1500,2.24373387274556E-05,COMPLETE
85,0.966538126008552,2020-07-09 13:53:12.991866,2020-07-09 14:20:15.222790,0 days 00:27:02.230924000,5,0.15,2,1400,1.79092102973341E-05,COMPLETE
86,0.965633408019417,2020-07-09 14:20:15.223351,2020-07-09 14:48:16.958549,0 days 00:28:01.735198000,5,0.15,2,1600,1.56544321653628E-05,COMPLETE
87,0.966049327139269,2020-07-09 14:48:16.959138,2020-07-09 15:16:15.722883,0 days 00:27:58.763745000,5,0.15,2,1600,1.63326610337613E-05,COMPLETE
88,0.991740923178823,2020-07-09 15:16:15.723519,2020-07-09 15:43:53.639594,0 days 00:27:37.916075000,4,0.15,2,1700,1.55635911704257E-05,COMPLETE
89,0.966389439782204,2020-07-09 15:43:53.640234,2020-07-09 16:16:39.735453,0 days 00:32:46.095219000,5,0.15,2,1800,1.6041409836623E-05,COMPLETE
90,0.979208916251422,2020-07-09 16:16:39.736071,2020-07-09 16:33:46.876437,0 days 00:17:07.140366000,5,0.15,2,1600,4.10971443612703E-05,COMPLETE
91,0.968272039939088,2020-07-09 16:33:46.877022,2020-07-09 17:04:38.732072,0 days 00:30:51.855050000,5,0.15,2,1800,1.56650243911908E-05,COMPLETE
92,1.01974400860524,2020-07-09 17:04:38.732758,2020-07-09 17:22:28.302793,0 days 00:17:49.570035000,5,0.15,2,1900,0.000718153717433648,COMPLETE
93,0.966587241978673,2020-07-09 17:22:28.303389,2020-07-09 17:50:57.793387,0 days 00:28:29.489998000,5,0.15,2,1700,1.26717776665986E-05,COMPLETE
94,0.971687334497073,2020-07-09 17:50:57.793926,2020-07-09 18:18:52.119478,0 days 00:27:54.325552000,5,0.1,2,1500,5.73760234440016E-05,COMPLETE
95,0.968445939278742,2020-07-09 18:18:52.120080,2020-07-09 18:48:44.854116,0 days 00:29:52.734036000,5,0.1,2,1600,1.81134223554848E-05,COMPLETE
96,0.968615034518883,2020-07-09 18:48:44.854673,2020-07-09 19:17:56.443583,0 days 00:29:11.588910000,5,0.15,2,1800,2.14016087482337E-05,COMPLETE
97,0.965141448535417,2020-07-09 19:17:56.444233,2020-07-09 19:45:50.071187,0 days 00:27:53.626954000,5,0.1,2,1500,1.65455326945671E-05,COMPLETE
98,0.967942014772292,2020-07-09 19:45:50.071859,2020-07-09 20:13:48.178880,0 days 00:27:58.107021000,5,0.1,2,1500,1.91186743321117E-05,COMPLETE
99,1.00141259086759,2020-07-09 20:13:48.179498,2020-07-09 20:30:00.441630,0 days 00:16:12.262132000,4,0.1,2,1300,2.93963838978542E-05,COMPLETE